Tue Dec 10 21:08:52 IST 2019  [debug] AvalonLogSystem initialized using logfile 'velocity.log'
Tue Dec 10 21:08:52 IST 2019   [info] ************************************************************** 
Tue Dec 10 21:08:52 IST 2019   [info] Starting Jakarta Velocity v1.4
Tue Dec 10 21:08:52 IST 2019   [info] RuntimeInstance initializing.
Tue Dec 10 21:08:52 IST 2019   [info] Default Properties File: org\apache\velocity\runtime\defaults\velocity.properties
Tue Dec 10 21:08:52 IST 2019   [info] Trying to use logger class org.apache.velocity.runtime.log.AvalonLogSystem
Tue Dec 10 21:08:52 IST 2019   [info] Using logger class org.apache.velocity.runtime.log.AvalonLogSystem
Tue Dec 10 21:08:52 IST 2019   [info] Default ResourceManager initializing. (class org.apache.velocity.runtime.resource.ResourceManagerImpl)
Tue Dec 10 21:08:52 IST 2019   [info] Resource Loader Instantiated: org.apache.velocity.runtime.resource.loader.ClasspathResourceLoader
Tue Dec 10 21:08:52 IST 2019   [info] ClasspathResourceLoader : initialization starting.
Tue Dec 10 21:08:52 IST 2019   [info] ClasspathResourceLoader : initialization complete.
Tue Dec 10 21:08:52 IST 2019   [info] ResourceCache : initialized. (class org.apache.velocity.runtime.resource.ResourceCacheImpl)
Tue Dec 10 21:08:52 IST 2019   [info] Default ResourceManager initialization complete.
Tue Dec 10 21:08:52 IST 2019   [info] Loaded System Directive: org.apache.velocity.runtime.directive.Literal
Tue Dec 10 21:08:52 IST 2019   [info] Loaded System Directive: org.apache.velocity.runtime.directive.Macro
Tue Dec 10 21:08:52 IST 2019   [info] Loaded System Directive: org.apache.velocity.runtime.directive.Parse
Tue Dec 10 21:08:52 IST 2019   [info] Loaded System Directive: org.apache.velocity.runtime.directive.Include
Tue Dec 10 21:08:52 IST 2019   [info] Loaded System Directive: org.apache.velocity.runtime.directive.Foreach
Tue Dec 10 21:08:52 IST 2019   [info] Created: 20 parsers.
Tue Dec 10 21:08:52 IST 2019   [info] Velocimacro : initialization starting.
Tue Dec 10 21:08:52 IST 2019   [info] Velocimacro : adding VMs from VM library template : VM_global_library.vm
Tue Dec 10 21:08:52 IST 2019  [error] ResourceManager : unable to find resource 'VM_global_library.vm' in any resource loader.
Tue Dec 10 21:08:52 IST 2019   [info] Velocimacro : error using  VM library template VM_global_library.vm : org.apache.velocity.exception.ResourceNotFoundException: Unable to find resource 'VM_global_library.vm'
Tue Dec 10 21:08:52 IST 2019   [info] Velocimacro :  VM library template macro registration complete.
Tue Dec 10 21:08:52 IST 2019   [info] Velocimacro : allowInline = true : VMs can be defined inline in templates
Tue Dec 10 21:08:52 IST 2019   [info] Velocimacro : allowInlineToOverride = false : VMs defined inline may NOT replace previous VM definitions
Tue Dec 10 21:08:52 IST 2019   [info] Velocimacro : allowInlineLocal = false : VMs defined inline will be  global in scope if allowed.
Tue Dec 10 21:08:52 IST 2019   [info] Velocimacro : messages on  : VM system will output logging messages
Tue Dec 10 21:08:52 IST 2019   [info] Velocimacro : autoload off  : VM system will not automatically reload global library macros
Tue Dec 10 21:08:52 IST 2019   [info] Velocimacro : initialization complete.
Tue Dec 10 21:08:52 IST 2019   [info] Velocity successfully started.
Tue Dec 10 21:09:35 IST 2019   [info] ResourceManager : found org/uncommons/reportng/templates/xml/results.xml.vm with loader org.apache.velocity.runtime.resource.loader.ClasspathResourceLoader
Tue Dec 10 21:09:35 IST 2019   [info] ResourceManager : found org/uncommons/reportng/templates/xml/results.xml.vm with loader org.apache.velocity.runtime.resource.loader.ClasspathResourceLoader
Tue Dec 10 21:09:35 IST 2019   [info] ResourceManager : found org/uncommons/reportng/templates/xml/results.xml.vm with loader org.apache.velocity.runtime.resource.loader.ClasspathResourceLoader
Tue Dec 10 21:09:35 IST 2019   [info] ResourceManager : found org/uncommons/reportng/templates/html/index.html.vm with loader org.apache.velocity.runtime.resource.loader.ClasspathResourceLoader
Tue Dec 10 21:09:35 IST 2019   [info] ResourceManager : found org/uncommons/reportng/templates/html/overview.html.vm with loader org.apache.velocity.runtime.resource.loader.ClasspathResourceLoader
Tue Dec 10 21:09:35 IST 2019   [info] ResourceManager : found org/uncommons/reportng/templates/html/suites.html.vm with loader org.apache.velocity.runtime.resource.loader.ClasspathResourceLoader
Tue Dec 10 21:09:35 IST 2019   [info] ResourceManager : found org/uncommons/reportng/templates/html/results.html.vm with loader org.apache.velocity.runtime.resource.loader.ClasspathResourceLoader
Tue Dec 10 21:09:35 IST 2019   [info] ResourceManager : found org/uncommons/reportng/templates/html/class-results.html.vm with loader org.apache.velocity.runtime.resource.loader.ClasspathResourceLoader
Tue Dec 10 21:09:35 IST 2019   [info] ResourceManager : found org/uncommons/reportng/templates/html/results.html.vm with loader org.apache.velocity.runtime.resource.loader.ClasspathResourceLoader
Tue Dec 10 21:09:35 IST 2019   [info] ResourceManager : found org/uncommons/reportng/templates/html/class-results.html.vm with loader org.apache.velocity.runtime.resource.loader.ClasspathResourceLoader
Tue Dec 10 21:09:35 IST 2019   [info] ResourceManager : found org/uncommons/reportng/templates/html/class-results.html.vm with loader org.apache.velocity.runtime.resource.loader.ClasspathResourceLoader
Tue Dec 10 21:09:35 IST 2019   [info] ResourceManager : found org/uncommons/reportng/templates/html/results.html.vm with loader org.apache.velocity.runtime.resource.loader.ClasspathResourceLoader
Tue Dec 10 21:09:35 IST 2019   [info] ResourceManager : found org/uncommons/reportng/templates/html/class-results.html.vm with loader org.apache.velocity.runtime.resource.loader.ClasspathResourceLoader
Tue Dec 10 21:09:35 IST 2019   [info] ResourceManager : found org/uncommons/reportng/templates/html/output.html.vm with loader org.apache.velocity.runtime.resource.loader.ClasspathResourceLoader
